Using pre-set license
Built from '2021.3/staging' branch; Version is '2021.3.15f1 (e8e88683f834) revision 15263878'; Using compiler version '192829333'; Build Type 'Release'
OS: 'Windows 10  (10.0.19045) 64bit Professional' Language: 'en' Physical Memory: 16316 MB
BatchMode: 1, IsHumanControllingUs: 0, StartBugReporterOnCrash: 0, Is64bit: 1, IsPro: 1

COMMAND LINE ARGUMENTS:
D:\Programs\2021.3.15f1\Editor\Unity.exe
-adb2
-batchMode
-noUpm
-name
AssetImportWorker0
-projectPath
D:/School/UNITY/Endless Dropper
-logFile
Logs/AssetImportWorker0.log
-srvPort
65235
Successfully changed project path to: D:/School/UNITY/Endless Dropper
D:/School/UNITY/Endless Dropper
[UnityMemory] Configuration Parameters - Can be set up in boot.config
    "memorysetup-bucket-allocator-granularity=16"
    "memorysetup-bucket-allocator-bucket-count=8"
    "memorysetup-bucket-allocator-block-size=33554432"
    "memorysetup-bucket-allocator-block-count=8"
    "memorysetup-main-allocator-block-size=16777216"
    "memorysetup-thread-allocator-block-size=16777216"
    "memorysetup-gfx-main-allocator-block-size=16777216"
    "memorysetup-gfx-thread-allocator-block-size=16777216"
    "memorysetup-cache-allocator-block-size=4194304"
    "memorysetup-typetree-allocator-block-size=2097152"
    "memorysetup-profiler-bucket-allocator-granularity=16"
    "memorysetup-profiler-bucket-allocator-bucket-count=8"
    "memorysetup-profiler-bucket-allocator-block-size=33554432"
    "memorysetup-profiler-bucket-allocator-block-count=8"
    "memorysetup-profiler-allocator-block-size=16777216"
    "memorysetup-profiler-editor-allocator-block-size=1048576"
    "memorysetup-temp-allocator-size-main=16777216"
    "memorysetup-job-temp-allocator-block-size=2097152"
    "memorysetup-job-temp-allocator-block-size-background=1048576"
    "memorysetup-job-temp-allocator-reduction-small-platforms=262144"
    "memorysetup-temp-allocator-size-background-worker=32768"
    "memorysetup-temp-allocator-size-job-worker=262144"
    "memorysetup-temp-allocator-size-preload-manager=33554432"
    "memorysetup-temp-allocator-size-nav-mesh-worker=65536"
    "memorysetup-temp-allocator-size-audio-worker=65536"
    "memorysetup-temp-allocator-size-cloud-worker=32768"
    "memorysetup-temp-allocator-size-gi-baking-worker=262144"
    "memorysetup-temp-allocator-size-gfx=262144"
Player connection [1988] Host "[IP] 192.168.0.249 [Port] 0 [Flags] 2 [Guid] 2931546301 [EditorId] 2931546301 [Version] 1048832 [Id] WindowsEditor(7,DESKTOP-RPDV734) [Debug] 1 [PackageName] WindowsEditor [ProjectName] Editor" joined multi-casting on [225.0.0.222:54997]...

Player connection [1988] Host "[IP] 192.168.0.249 [Port] 0 [Flags] 2 [Guid] 2931546301 [EditorId] 2931546301 [Version] 1048832 [Id] WindowsEditor(7,DESKTOP-RPDV734) [Debug] 1 [PackageName] WindowsEditor [ProjectName] Editor" joined alternative multi-casting on [225.0.0.222:34997]...

Refreshing native plugins compatible for Editor in 489.58 ms, found 3 plugins.
Preloading 0 native plugins for Editor in 0.00 ms.
Initialize engine version: 2021.3.15f1 (e8e88683f834)
[Subsystems] Discovering subsystems at path D:/Programs/2021.3.15f1/Editor/Data/Resources/UnitySubsystems
[Subsystems] Discovering subsystems at path D:/School/UNITY/Endless Dropper/Assets
GfxDevice: creating device client; threaded=0; jobified=0
Direct3D:
    Version:  Direct3D 11.0 [level 11.1]
    Renderer: NVIDIA GeForce GTX 960 (ID=0x1401)
    Vendor:   NVIDIA
    VRAM:     2002 MB
    Driver:   31.0.15.3179
Initialize mono
Mono path[0] = 'D:/Programs/2021.3.15f1/Editor/Data/Managed'
Mono path[1] = 'D:/Programs/2021.3.15f1/Editor/Data/MonoBleedingEdge/lib/mono/unityjit-win32'
Mono config path = 'D:/Programs/2021.3.15f1/Editor/Data/MonoBleedingEdge/etc'
Using monoOptions --debugger-agent=transport=dt_socket,embedding=1,server=y,suspend=n,address=127.0.0.1:56536
Begin MonoManager ReloadAssembly
Registering precompiled unity dll's ...
Register platform support module: D:/Programs/2021.3.15f1/Editor/Data/PlaybackEngines/WindowsStandaloneSupport/UnityEditor.WindowsStandalone.Extensions.dll
Registered in 0.004912 seconds.
Native extension for WindowsStandalone target not found
Refreshing native plugins compatible for Editor in 113.13 ms, found 3 plugins.
Preloading 0 native plugins for Editor in 0.00 ms.
Mono: successfully reloaded assembly
- Completed reload, in  1.143 seconds
Domain Reload Profiling:
	ReloadAssembly (1144ms)
		BeginReloadAssembly (164ms)
			ExecutionOrderSort (0ms)
			DisableScriptedObjects (0ms)
			BackupInstance (0ms)
			ReleaseScriptingObjects (0ms)
			CreateAndSetChildDomain (1ms)
		EndReloadAssembly (788ms)
			LoadAssemblies (162ms)
			RebuildTransferFunctionScriptingTraits (0ms)
			SetupTypeCache (181ms)
			ReleaseScriptCaches (0ms)
			RebuildScriptCaches (54ms)
			SetupLoadedEditorAssemblies (468ms)
				LogAssemblyErrors (0ms)
				InitializePlatformSupportModulesInManaged (13ms)
				SetLoadedEditorAssemblies (0ms)
				RefreshPlugins (113ms)
				BeforeProcessingInitializeOnLoad (2ms)
				ProcessInitializeOnLoadAttributes (253ms)
				ProcessInitializeOnLoadMethodAttributes (86ms)
				AfterProcessingInitializeOnLoad (0ms)
				EditorAssembliesLoaded (0ms)
			ExecutionOrderSort2 (0ms)
			AwakeInstancesAfterBackupRestoration (0ms)
Platform modules already initialized, skipping
Registering precompiled user dll's ...
Registered in 0.007920 seconds.
Begin MonoManager ReloadAssembly
Symbol file LoadedFromMemory doesn't match image D:\School\UNITY\Endless Dropper\Library\PackageCache\com.unity.visualscripting@1.7.8\Editor\VisualScripting.Core\Dependencies\YamlDotNet\Unity.VisualScripting.YamlDotNet.dll
Symbol file LoadedFromMemory doesn't match image D:\School\UNITY\Endless Dropper\Library\PackageCache\com.unity.visualscripting@1.7.8\Editor\VisualScripting.Core\Dependencies\DotNetZip\Unity.VisualScripting.IonicZip.dll
Native extension for WindowsStandalone target not found
Refreshing native plugins compatible for Editor in 0.80 ms, found 3 plugins.
Preloading 0 native plugins for Editor in 0.00 ms.
Mono: successfully reloaded assembly
- Completed reload, in  1.791 seconds
Domain Reload Profiling:
	ReloadAssembly (1792ms)
		BeginReloadAssembly (146ms)
			ExecutionOrderSort (0ms)
			DisableScriptedObjects (10ms)
			BackupInstance (0ms)
			ReleaseScriptingObjects (0ms)
			CreateAndSetChildDomain (22ms)
		EndReloadAssembly (1474ms)
			LoadAssemblies (129ms)
			RebuildTransferFunctionScriptingTraits (0ms)
			SetupTypeCache (357ms)
			ReleaseScriptCaches (1ms)
			RebuildScriptCaches (96ms)
			SetupLoadedEditorAssemblies (819ms)
				LogAssemblyErrors (0ms)
				InitializePlatformSupportModulesInManaged (10ms)
				SetLoadedEditorAssemblies (2ms)
				RefreshPlugins (1ms)
				BeforeProcessingInitializeOnLoad (109ms)
				ProcessInitializeOnLoadAttributes (650ms)
				ProcessInitializeOnLoadMethodAttributes (42ms)
				AfterProcessingInitializeOnLoad (5ms)
				EditorAssembliesLoaded (0ms)
			ExecutionOrderSort2 (0ms)
			AwakeInstancesAfterBackupRestoration (12ms)
Platform modules already initialized, skipping
========================================================================
Worker process is ready to serve import requests
Launched and connected shader compiler UnityShaderCompiler.exe after 0.12 seconds
Refreshing native plugins compatible for Editor in 0.72 ms, found 3 plugins.
Preloading 0 native plugins for Editor in 0.00 ms.
Unloading 3237 Unused Serialized files (Serialized files now loaded: 0)
Unloading 24 unused Assets / (56.8 KB). Loaded Objects now: 3702.
Memory consumption went from 111.6 MB to 111.5 MB.
Total: 5.142800 ms (FindLiveObjects: 0.364500 ms CreateObjectMapping: 0.111100 ms MarkObjects: 4.546500 ms  DeleteObjects: 0.119200 ms)

AssetImportParameters requested are different than current active one (requested -> active):
  custom:video-decoder-ogg-theora: a1e56fd34408186e4bbccfd4996cb3dc -> 
  custom:container-muxer-webm: aa71ff27fc2769a1b78a27578f13a17b -> 
  custom:container-demuxer-webm: 4f35f7cbe854078d1ac9338744f61a02 -> 
  custom:video-encoder-webm-vp8: eb34c28f22e8b96e1ab97ce403110664 -> 
  custom:audio-encoder-webm-vorbis: bf7c407c2cedff20999df2af8eb42d56 -> 
  custom:framework-win-MediaFoundation: 216162199b28c13a410421893ffa2e32 -> 
  custom:container-demuxer-ogg: 62fdf1f143b41e24485cea50d1cbac27 -> 
  custom:video-decoder-webm-vp8: 9c59270c3fd7afecdb556c50c9e8de78 -> 
  custom:audio-decoder-ogg-vorbis: bf7c407c2cedff20999df2af8eb42d56 -> 
========================================================================
Received Import Request.
  Time since last request: 119937.912464 seconds.
  path: Assets/Tile4.prefab
  artifactKey: Guid(909e0c030fe7efd4e9de1bf2f64f3cb6) Importer(815301076,1909f56bfc062723c751e8b465ee728b)
Start importing Assets/Tile4.prefab using Guid(909e0c030fe7efd4e9de1bf2f64f3cb6) Importer(815301076,1909f56bfc062723c751e8b465ee728b)  -> (artifact id: '886188b72b33032a898c55c09527d6dc') in 0.673992 seconds 
========================================================================
Received Import Request.
  Time since last request: 0.000032 seconds.
  path: Assets/Tile1.prefab
  artifactKey: Guid(16e0996bfc15c0348b56f5263d806051) Importer(815301076,1909f56bfc062723c751e8b465ee728b)
Start importing Assets/Tile1.prefab using Guid(16e0996bfc15c0348b56f5263d806051) Importer(815301076,1909f56bfc062723c751e8b465ee728b)  -> (artifact id: 'fe24b3757bad1ec72c3b6dec97d039f5') in 0.026913 seconds 
========================================================================
Received Import Request.
  Time since last request: 0.000037 seconds.
  path: Assets/Tile6.prefab
  artifactKey: Guid(eff82f763c996b04eba76745b25ca323) Importer(815301076,1909f56bfc062723c751e8b465ee728b)
Start importing Assets/Tile6.prefab using Guid(eff82f763c996b04eba76745b25ca323) Importer(815301076,1909f56bfc062723c751e8b465ee728b)  -> (artifact id: '45f73c04308b2d89d107f73cee08727e') in 0.022787 seconds 
========================================================================
Received Import Request.
  Time since last request: 0.000027 seconds.
  path: Assets/Roboto-Black.ttf
  artifactKey: Guid(964203b421527ea4682d0b34937fa4f8) Importer(815301076,1909f56bfc062723c751e8b465ee728b)
Start importing Assets/Roboto-Black.ttf using Guid(964203b421527ea4682d0b34937fa4f8) Importer(815301076,1909f56bfc062723c751e8b465ee728b)  -> (artifact id: '37bdd88a2553892f872a5abba6e1315b') in 0.347585 seconds 
========================================================================
Received Import Request.
  Time since last request: 0.000030 seconds.
  path: Assets/Character.mat
  artifactKey: Guid(118c8a26a5085d147bbd2f16438db5eb) Importer(815301076,1909f56bfc062723c751e8b465ee728b)
Start importing Assets/Character.mat using Guid(118c8a26a5085d147bbd2f16438db5eb) Importer(815301076,1909f56bfc062723c751e8b465ee728b)  -> (artifact id: '04a2b80e5e0e5a7e2a6b12d96842df31') in 0.049492 seconds 
========================================================================
Received Import Request.
  Time since last request: 0.000043 seconds.
  path: Assets/Tile5.prefab
  artifactKey: Guid(6a86d43196bf1044da866efde699f995) Importer(815301076,1909f56bfc062723c751e8b465ee728b)
Start importing Assets/Tile5.prefab using Guid(6a86d43196bf1044da866efde699f995) Importer(815301076,1909f56bfc062723c751e8b465ee728b)  -> (artifact id: '75390ff74fd5e49aba35669a27c1980a') in 0.041927 seconds 
========================================================================
Received Import Request.
  Time since last request: 0.000749 seconds.
  path: Assets/Tile2.prefab
  artifactKey: Guid(c00fdf6b049066441a7ad345167c7f5f) Importer(815301076,1909f56bfc062723c751e8b465ee728b)
Start importing Assets/Tile2.prefab using Guid(c00fdf6b049066441a7ad345167c7f5f) Importer(815301076,1909f56bfc062723c751e8b465ee728b)  -> (artifact id: '78108141e6f3cbba03b32bed9fa6f73a') in 0.045266 seconds 
========================================================================
Received Import Request.
  Time since last request: 0.000028 seconds.
  path: Assets/Tile3.prefab
  artifactKey: Guid(f6bf225d480463c41b008888ee158c7e) Importer(815301076,1909f56bfc062723c751e8b465ee728b)
Start importing Assets/Tile3.prefab using Guid(f6bf225d480463c41b008888ee158c7e) Importer(815301076,1909f56bfc062723c751e8b465ee728b)  -> (artifact id: 'e7bbff4311333023e8c45e7277c0d84f') in 0.044574 seconds 
========================================================================
Received Import Request.
  Time since last request: 0.000030 seconds.
  path: Assets/Tile8.prefab
  artifactKey: Guid(00a6bf11d7a55454ea75fd809106b9e1) Importer(815301076,1909f56bfc062723c751e8b465ee728b)
Start importing Assets/Tile8.prefab using Guid(00a6bf11d7a55454ea75fd809106b9e1) Importer(815301076,1909f56bfc062723c751e8b465ee728b)  -> (artifact id: '19584178b9950e319cdad1c42d7e9d65') in 0.051734 seconds 
========================================================================
Received Import Request.
  Time since last request: 0.000031 seconds.
  path: Assets/Gray.mat
  artifactKey: Guid(3ec5d2b9696fb5748ae1ea741d81e336) Importer(815301076,1909f56bfc062723c751e8b465ee728b)
Start importing Assets/Gray.mat using Guid(3ec5d2b9696fb5748ae1ea741d81e336) Importer(815301076,1909f56bfc062723c751e8b465ee728b)  -> (artifact id: 'aa5901c4e9133a71de7422f3405abb88') in 0.034700 seconds 
========================================================================
Received Import Request.
  Time since last request: 0.000081 seconds.
  path: Assets/Tile7.prefab
  artifactKey: Guid(a72a8780f9a30e54a9a7fdedbfdde9f9) Importer(815301076,1909f56bfc062723c751e8b465ee728b)
Start importing Assets/Tile7.prefab using Guid(a72a8780f9a30e54a9a7fdedbfdde9f9) Importer(815301076,1909f56bfc062723c751e8b465ee728b)  -> (artifact id: '1d9980935f655837340f700887efd3d9') in 0.048926 seconds 
========================================================================
Received Import Request.
  Time since last request: 0.000027 seconds.
  path: Assets/Red.mat
  artifactKey: Guid(9f2c93a4c00db26429082cc82c59e529) Importer(815301076,1909f56bfc062723c751e8b465ee728b)
Start importing Assets/Red.mat using Guid(9f2c93a4c00db26429082cc82c59e529) Importer(815301076,1909f56bfc062723c751e8b465ee728b)  -> (artifact id: '6ce17a912b6a30de78eb0e4f7c726484') in 0.037908 seconds 
========================================================================
Received Prepare
Registering precompiled user dll's ...
Registered in 0.005273 seconds.
Begin MonoManager ReloadAssembly
Symbol file LoadedFromMemory doesn't match image D:\School\UNITY\Endless Dropper\Library\PackageCache\com.unity.visualscripting@1.7.8\Editor\VisualScripting.Core\Dependencies\YamlDotNet\Unity.VisualScripting.YamlDotNet.dll
Symbol file LoadedFromMemory doesn't match image D:\School\UNITY\Endless Dropper\Library\PackageCache\com.unity.visualscripting@1.7.8\Editor\VisualScripting.Core\Dependencies\DotNetZip\Unity.VisualScripting.IonicZip.dll
Native extension for WindowsStandalone target not found
Refreshing native plugins compatible for Editor in 1.25 ms, found 3 plugins.
Preloading 0 native plugins for Editor in 0.00 ms.
Mono: successfully reloaded assembly
- Completed reload, in  3.204 seconds
Domain Reload Profiling:
	ReloadAssembly (3209ms)
		BeginReloadAssembly (210ms)
			ExecutionOrderSort (0ms)
			DisableScriptedObjects (9ms)
			BackupInstance (0ms)
			ReleaseScriptingObjects (0ms)
			CreateAndSetChildDomain (51ms)
		EndReloadAssembly (2821ms)
			LoadAssemblies (143ms)
			RebuildTransferFunctionScriptingTraits (0ms)
			SetupTypeCache (848ms)
			ReleaseScriptCaches (3ms)
			RebuildScriptCaches (125ms)
			SetupLoadedEditorAssemblies (1510ms)
				LogAssemblyErrors (0ms)
				InitializePlatformSupportModulesInManaged (44ms)
				SetLoadedEditorAssemblies (2ms)
				RefreshPlugins (1ms)
				BeforeProcessingInitializeOnLoad (145ms)
				ProcessInitializeOnLoadAttributes (1229ms)
				ProcessInitializeOnLoadMethodAttributes (81ms)
				AfterProcessingInitializeOnLoad (7ms)
				EditorAssembliesLoaded (0ms)
			ExecutionOrderSort2 (0ms)
			AwakeInstancesAfterBackupRestoration (19ms)
Platform modules already initialized, skipping
Refreshing native plugins compatible for Editor in 5.12 ms, found 3 plugins.
Preloading 0 native plugins for Editor in 0.00 ms.
Unloading 3231 Unused Serialized files (Serialized files now loaded: 0)
Unloading 17 unused Assets / (24.6 KB). Loaded Objects now: 3752.
Memory consumption went from 116.2 MB to 116.2 MB.
Total: 9.938200 ms (FindLiveObjects: 0.335800 ms CreateObjectMapping: 0.227900 ms MarkObjects: 9.338000 ms  DeleteObjects: 0.035100 ms)

AssetImportParameters requested are different than current active one (requested -> active):
  custom:video-decoder-ogg-theora: a1e56fd34408186e4bbccfd4996cb3dc -> 
  custom:container-muxer-webm: aa71ff27fc2769a1b78a27578f13a17b -> 
  custom:container-demuxer-webm: 4f35f7cbe854078d1ac9338744f61a02 -> 
  custom:video-encoder-webm-vp8: eb34c28f22e8b96e1ab97ce403110664 -> 
  custom:audio-encoder-webm-vorbis: bf7c407c2cedff20999df2af8eb42d56 -> 
  custom:framework-win-MediaFoundation: 216162199b28c13a410421893ffa2e32 -> 
  custom:container-demuxer-ogg: 62fdf1f143b41e24485cea50d1cbac27 -> 
  custom:video-decoder-webm-vp8: 9c59270c3fd7afecdb556c50c9e8de78 -> 
  custom:audio-decoder-ogg-vorbis: bf7c407c2cedff20999df2af8eb42d56 -> 
========================================================================
Received Import Request.
  Time since last request: 122.502664 seconds.
  path: Assets
  artifactKey: Guid(00000000000000001000000000000000) Importer(815301076,1909f56bfc062723c751e8b465ee728b)
Start importing Assets using Guid(00000000000000001000000000000000) Importer(815301076,1909f56bfc062723c751e8b465ee728b)  -> (artifact id: '79842766b460edbeab6a34051e857a80') in 0.026904 seconds 
========================================================================
Received Import Request.
  Time since last request: 4.207217 seconds.
  path: Assets/Prefabs
  artifactKey: Guid(3aeff7b74f2500e4e9c61524ecff1802) Importer(815301076,1909f56bfc062723c751e8b465ee728b)
Start importing Assets/Prefabs using Guid(3aeff7b74f2500e4e9c61524ecff1802) Importer(815301076,1909f56bfc062723c751e8b465ee728b)  -> (artifact id: '8bfa7e0643587293aad67430a402d432') in 0.017639 seconds 
========================================================================
Received Import Request.
  Time since last request: 10.013179 seconds.
  path: Assets/C#
  artifactKey: Guid(d3c941789c6464743a8c6270380a8056) Importer(815301076,1909f56bfc062723c751e8b465ee728b)
Start importing Assets/C# using Guid(d3c941789c6464743a8c6270380a8056) Importer(815301076,1909f56bfc062723c751e8b465ee728b)  -> (artifact id: 'a1926ad4735db765bdd4d41780970fa3') in 0.011074 seconds 
========================================================================
Received Import Request.
  Time since last request: 1.679607 seconds.
  path: Assets/Bullet.cs
  artifactKey: Guid(02b32be1a890f8545a738517c8a0c243) Importer(815301076,1909f56bfc062723c751e8b465ee728b)
Start importing Assets/Bullet.cs using Guid(02b32be1a890f8545a738517c8a0c243) Importer(815301076,1909f56bfc062723c751e8b465ee728b)  -> (artifact id: '13331bd2765a013cae6f496b1f2f6360') in 0.051486 seconds 
========================================================================
Received Import Request.
  Time since last request: 0.359773 seconds.
  path: Assets/Player.cs
  artifactKey: Guid(d2a8a533d2ef56c478eb63025312c4b5) Importer(815301076,1909f56bfc062723c751e8b465ee728b)
Start importing Assets/Player.cs using Guid(d2a8a533d2ef56c478eb63025312c4b5) Importer(815301076,1909f56bfc062723c751e8b465ee728b)  -> (artifact id: '401836bbadf38faab82d9db4dab50b56') in 0.011929 seconds 
========================================================================
Received Import Request.
  Time since last request: 1.054079 seconds.
  path: Assets/FPCam.cs
  artifactKey: Guid(cdab45324e885bc4ab342b105080972e) Importer(815301076,1909f56bfc062723c751e8b465ee728b)
Start importing Assets/FPCam.cs using Guid(cdab45324e885bc4ab342b105080972e) Importer(815301076,1909f56bfc062723c751e8b465ee728b)  -> (artifact id: 'fbcd8a40e5d2d48f72465dedefa38f37') in 0.012167 seconds 
========================================================================
Received Prepare
Registering precompiled user dll's ...
Registered in 0.004615 seconds.
Begin MonoManager ReloadAssembly
Symbol file LoadedFromMemory doesn't match image D:\School\UNITY\Endless Dropper\Library\PackageCache\com.unity.visualscripting@1.7.8\Editor\VisualScripting.Core\Dependencies\YamlDotNet\Unity.VisualScripting.YamlDotNet.dll
Symbol file LoadedFromMemory doesn't match image D:\School\UNITY\Endless Dropper\Library\PackageCache\com.unity.visualscripting@1.7.8\Editor\VisualScripting.Core\Dependencies\DotNetZip\Unity.VisualScripting.IonicZip.dll
Native extension for WindowsStandalone target not found
Refreshing native plugins compatible for Editor in 0.62 ms, found 3 plugins.
Preloading 0 native plugins for Editor in 0.00 ms.
Mono: successfully reloaded assembly
- Completed reload, in  1.319 seconds
Domain Reload Profiling:
	ReloadAssembly (1322ms)
		BeginReloadAssembly (149ms)
			ExecutionOrderSort (0ms)
			DisableScriptedObjects (7ms)
			BackupInstance (0ms)
			ReleaseScriptingObjects (0ms)
			CreateAndSetChildDomain (40ms)
		EndReloadAssembly (1051ms)
			LoadAssemblies (98ms)
			RebuildTransferFunctionScriptingTraits (0ms)
			SetupTypeCache (267ms)
			ReleaseScriptCaches (1ms)
			RebuildScriptCaches (47ms)
			SetupLoadedEditorAssemblies (590ms)
				LogAssemblyErrors (0ms)
				InitializePlatformSupportModulesInManaged (15ms)
				SetLoadedEditorAssemblies (1ms)
				RefreshPlugins (1ms)
				BeforeProcessingInitializeOnLoad (62ms)
				ProcessInitializeOnLoadAttributes (476ms)
				ProcessInitializeOnLoadMethodAttributes (31ms)
				AfterProcessingInitializeOnLoad (4ms)
				EditorAssembliesLoaded (0ms)
			ExecutionOrderSort2 (0ms)
			AwakeInstancesAfterBackupRestoration (7ms)
Platform modules already initialized, skipping
Refreshing native plugins compatible for Editor in 1.75 ms, found 3 plugins.
Preloading 0 native plugins for Editor in 0.00 ms.
Unloading 3230 Unused Serialized files (Serialized files now loaded: 0)
Unloading 18 unused Assets / (24.7 KB). Loaded Objects now: 3754.
Memory consumption went from 116.2 MB to 116.2 MB.
Total: 4.050000 ms (FindLiveObjects: 0.311900 ms CreateObjectMapping: 0.085100 ms MarkObjects: 3.616500 ms  DeleteObjects: 0.034900 ms)

AssetImportParameters requested are different than current active one (requested -> active):
  custom:video-decoder-ogg-theora: a1e56fd34408186e4bbccfd4996cb3dc -> 
  custom:container-muxer-webm: aa71ff27fc2769a1b78a27578f13a17b -> 
  custom:container-demuxer-webm: 4f35f7cbe854078d1ac9338744f61a02 -> 
  custom:video-encoder-webm-vp8: eb34c28f22e8b96e1ab97ce403110664 -> 
  custom:audio-encoder-webm-vorbis: bf7c407c2cedff20999df2af8eb42d56 -> 
  custom:framework-win-MediaFoundation: 216162199b28c13a410421893ffa2e32 -> 
  custom:container-demuxer-ogg: 62fdf1f143b41e24485cea50d1cbac27 -> 
  custom:video-decoder-webm-vp8: 9c59270c3fd7afecdb556c50c9e8de78 -> 
  custom:audio-decoder-ogg-vorbis: bf7c407c2cedff20999df2af8eb42d56 -> 
========================================================================
Received Prepare
Registering precompiled user dll's ...
Registered in 0.004799 seconds.
Begin MonoManager ReloadAssembly
Symbol file LoadedFromMemory doesn't match image D:\School\UNITY\Endless Dropper\Library\PackageCache\com.unity.visualscripting@1.7.8\Editor\VisualScripting.Core\Dependencies\YamlDotNet\Unity.VisualScripting.YamlDotNet.dll
Symbol file LoadedFromMemory doesn't match image D:\School\UNITY\Endless Dropper\Library\PackageCache\com.unity.visualscripting@1.7.8\Editor\VisualScripting.Core\Dependencies\DotNetZip\Unity.VisualScripting.IonicZip.dll
Native extension for WindowsStandalone target not found
Refreshing native plugins compatible for Editor in 0.71 ms, found 3 plugins.
Preloading 0 native plugins for Editor in 0.00 ms.
Mono: successfully reloaded assembly
- Completed reload, in  1.444 seconds
Domain Reload Profiling:
	ReloadAssembly (1446ms)
		BeginReloadAssembly (158ms)
			ExecutionOrderSort (0ms)
			DisableScriptedObjects (7ms)
			BackupInstance (0ms)
			ReleaseScriptingObjects (0ms)
			CreateAndSetChildDomain (38ms)
		EndReloadAssembly (1161ms)
			LoadAssemblies (98ms)
			RebuildTransferFunctionScriptingTraits (0ms)
			SetupTypeCache (278ms)
			ReleaseScriptCaches (1ms)
			RebuildScriptCaches (47ms)
			SetupLoadedEditorAssemblies (693ms)
				LogAssemblyErrors (0ms)
				InitializePlatformSupportModulesInManaged (15ms)
				SetLoadedEditorAssemblies (1ms)
				RefreshPlugins (1ms)
				BeforeProcessingInitializeOnLoad (62ms)
				ProcessInitializeOnLoadAttributes (572ms)
				ProcessInitializeOnLoadMethodAttributes (39ms)
				AfterProcessingInitializeOnLoad (4ms)
				EditorAssembliesLoaded (0ms)
			ExecutionOrderSort2 (0ms)
			AwakeInstancesAfterBackupRestoration (7ms)
Platform modules already initialized, skipping
Refreshing native plugins compatible for Editor in 1.84 ms, found 3 plugins.
Preloading 0 native plugins for Editor in 0.00 ms.
Unloading 3230 Unused Serialized files (Serialized files now loaded: 0)
Unloading 17 unused Assets / (24.6 KB). Loaded Objects now: 3757.
Memory consumption went from 116.2 MB to 116.2 MB.
Total: 4.013100 ms (FindLiveObjects: 0.313000 ms CreateObjectMapping: 0.090300 ms MarkObjects: 3.581100 ms  DeleteObjects: 0.027500 ms)

AssetImportParameters requested are different than current active one (requested -> active):
  custom:video-decoder-ogg-theora: a1e56fd34408186e4bbccfd4996cb3dc -> 
  custom:container-muxer-webm: aa71ff27fc2769a1b78a27578f13a17b -> 
  custom:container-demuxer-webm: 4f35f7cbe854078d1ac9338744f61a02 -> 
  custom:video-encoder-webm-vp8: eb34c28f22e8b96e1ab97ce403110664 -> 
  custom:audio-encoder-webm-vorbis: bf7c407c2cedff20999df2af8eb42d56 -> 
  custom:framework-win-MediaFoundation: 216162199b28c13a410421893ffa2e32 -> 
  custom:container-demuxer-ogg: 62fdf1f143b41e24485cea50d1cbac27 -> 
  custom:video-decoder-webm-vp8: 9c59270c3fd7afecdb556c50c9e8de78 -> 
  custom:audio-decoder-ogg-vorbis: bf7c407c2cedff20999df2af8eb42d56 -> 
========================================================================
Received Import Request.
  Time since last request: 39.048008 seconds.
  path: Assets/Materials
  artifactKey: Guid(c4070a66625b32e4aa293396545ac692) Importer(815301076,1909f56bfc062723c751e8b465ee728b)
Start importing Assets/Materials using Guid(c4070a66625b32e4aa293396545ac692) Importer(815301076,1909f56bfc062723c751e8b465ee728b)  -> (artifact id: 'e45d40775d4ffbb5f88c12cec32769a6') in 0.015193 seconds 
========================================================================
Received Import Request.
  Time since last request: 40.179034 seconds.
  path: Assets/daytime.hdr
  artifactKey: Guid(43ec3d61661066c448a70e55280719ae) Importer(815301076,1909f56bfc062723c751e8b465ee728b)
Start importing Assets/daytime.hdr using Guid(43ec3d61661066c448a70e55280719ae) Importer(815301076,1909f56bfc062723c751e8b465ee728b)  -> (artifact id: 'a57255d02eb6d6f4154722d84494f117') in 0.103674 seconds 
========================================================================
Received Import Request.
  Time since last request: 6.010498 seconds.
  path: Assets/daytime.mat
  artifactKey: Guid(c7b6aeac23bd75447b7e3a87f50a1692) Importer(815301076,1909f56bfc062723c751e8b465ee728b)
Start importing Assets/daytime.mat using Guid(c7b6aeac23bd75447b7e3a87f50a1692) Importer(815301076,1909f56bfc062723c751e8b465ee728b)  -> (artifact id: 'd8cb4ead5dfa590af14a1900de8a1b1b') in 0.138534 seconds 
========================================================================
Received Import Request.
  Time since last request: 6.329800 seconds.
  path: Assets/Skybox_Daytime.mat
  artifactKey: Guid(d439b10ef6b92564889d2f4d51899716) Importer(815301076,1909f56bfc062723c751e8b465ee728b)
Start importing Assets/Skybox_Daytime.mat using Guid(d439b10ef6b92564889d2f4d51899716) Importer(815301076,1909f56bfc062723c751e8b465ee728b)  -> (artifact id: '14b3097095faa6d56cd3376e1934ebeb') in 0.022899 seconds 
========================================================================
Received Import Request.
  Time since last request: 38.868675 seconds.
  path: Assets/FPS.unity
  artifactKey: Guid(8bc17b29d11d84441a771b44cb0a90bf) Importer(815301076,1909f56bfc062723c751e8b465ee728b)
Start importing Assets/FPS.unity using Guid(8bc17b29d11d84441a771b44cb0a90bf) Importer(815301076,1909f56bfc062723c751e8b465ee728b)  -> (artifact id: 'ebf8bb848db877189e2e5a2c4ba299cb') in 0.011324 seconds 
